<?xml version="1.0" encoding="UTF-8"?>
<testng-results skipped="0" failed="3" total="5" passed="2">
  <reporter-output>
  </reporter-output>
  <suite name="Default suite" duration-ms="119180" started-at="2017-03-16T20:23:12Z" finished-at="2017-03-16T20:25:11Z">
    <groups>
    </groups>
    <test name="Default test" duration-ms="119180" started-at="2017-03-16T20:23:12Z" finished-at="2017-03-16T20:25:11Z">
      <class name="claimVida.CP01_02_DatosContacto_Claim_Vida_Excel">
        <test-method status="PASS" signature="setUp()[pri:0, instance:claimVida.CP01_02_DatosContacto_Claim_Vida_Excel@5ec0a365]" name="setUp" is-config="true" duration-ms="14457" started-at="2017-03-16T17:23:12Z" finished-at="2017-03-16T17:23:26Z">
          <reporter-output>
          </reporter-output>
        </test-method> <!-- setUp -->
        <test-method status="PASS" signature="T01_AgregarDatosConctacto()[pri:0, instance:claimVida.CP01_02_DatosContacto_Claim_Vida_Excel@5ec0a365]" name="T01_AgregarDatosConctacto" duration-ms="33892" started-at="2017-03-16T17:23:26Z" finished-at="2017-03-16T17:24:00Z">
          <reporter-output>
          </reporter-output>
        </test-method> <!-- T01_AgregarDatosConctacto -->
        <test-method status="PASS" signature="tearDown(org.testng.ITestResult)[pri:0, instance:claimVida.CP01_02_DatosContacto_Claim_Vida_Excel@5ec0a365]" name="tearDown" is-config="true" duration-ms="184" started-at="2017-03-16T17:24:00Z" finished-at="2017-03-16T17:24:00Z">
          <params>
            <param index="0">
              <value>
                <![CDATA[[TestResult name=T01_AgregarDatosConctacto status=SUCCESS method=CP01_02_DatosContacto_Claim_Vida_Excel.T01_AgregarDatosConctacto()[pri:0, instance:claimVida.CP01_02_DatosContacto_Claim_Vida_Excel@5ec0a365] output={null}]]]>
              </value>
            </param>
          </params>
          <reporter-output>
          </reporter-output>
        </test-method> <!-- tearDown -->
        <test-method status="FAIL" signature="T02_AgregarOtroDatoConctacto()[pri:0, instance:claimVida.CP01_02_DatosContacto_Claim_Vida_Excel@5ec0a365]" name="T02_AgregarOtroDatoConctacto" duration-ms="32554" started-at="2017-03-16T17:24:00Z" finished-at="2017-03-16T17:24:33Z">
          <exception class="java.lang.AssertionError">
            <message>
              <![CDATA[expected [false] but found [true]]]>
            </message>
            <full-stacktrace>
              <![CDATA[java.lang.AssertionError: expected [false] but found [true]
	at org.testng.Assert.fail(Assert.java:94)
	at org.testng.Assert.failNotEquals(Assert.java:513)
	at org.testng.Assert.assertEqualsImpl(Assert.java:135)
	at org.testng.Assert.assertEquals(Assert.java:116)
	at org.testng.Assert.assertEquals(Assert.java:305)
	at org.testng.Assert.assertEquals(Assert.java:315)
	at claimVida.CP01_02_DatosContacto_Claim_Vida_Excel.T02_AgregarOtroDatoConctacto(CP01_02_DatosContacto_Claim_Vida_Excel.java:270)
	at sun.reflect.NativeMethodAccessorImpl.invoke0(Native Method)
	at sun.reflect.NativeMethodAccessorImpl.invoke(Unknown Source)
	at sun.reflect.DelegatingMethodAccessorImpl.invoke(Unknown Source)
	at java.lang.reflect.Method.invoke(Unknown Source)
	at org.testng.internal.MethodInvocationHelper.invokeMethod(MethodInvocationHelper.java:100)
	at org.testng.internal.Invoker.invokeMethod(Invoker.java:646)
	at org.testng.internal.Invoker.invokeTestMethod(Invoker.java:811)
	at org.testng.internal.Invoker.invokeTestMethods(Invoker.java:1129)
	at org.testng.internal.TestMethodWorker.invokeTestMethods(TestMethodWorker.java:129)
	at org.testng.internal.TestMethodWorker.run(TestMethodWorker.java:112)
	at org.testng.TestRunner.privateRun(TestRunner.java:746)
	at org.testng.TestRunner.run(TestRunner.java:600)
	at org.testng.SuiteRunner.runTest(SuiteRunner.java:366)
	at org.testng.SuiteRunner.runSequentially(SuiteRunner.java:361)
	at org.testng.SuiteRunner.privateRun(SuiteRunner.java:319)
	at org.testng.SuiteRunner.run(SuiteRunner.java:268)
	at org.testng.SuiteRunnerWorker.runSuite(SuiteRunnerWorker.java:52)
	at org.testng.SuiteRunnerWorker.run(SuiteRunnerWorker.java:86)
	at org.testng.TestNG.runSuitesSequentially(TestNG.java:1264)
	at org.testng.TestNG.runSuitesLocally(TestNG.java:1189)
	at org.testng.TestNG.runSuites(TestNG.java:1104)
	at org.testng.TestNG.run(TestNG.java:1076)
	at org.testng.remote.AbstractRemoteTestNG.run(AbstractRemoteTestNG.java:132)
	at org.testng.remote.RemoteTestNG.initAndRun(RemoteTestNG.java:236)
	at org.testng.remote.RemoteTestNG.main(RemoteTestNG.java:81)
]]>
            </full-stacktrace>
          </exception> <!-- java.lang.AssertionError -->
          <reporter-output>
          </reporter-output>
        </test-method> <!-- T02_AgregarOtroDatoConctacto -->
        <test-method status="PASS" signature="tearDown(org.testng.ITestResult)[pri:0, instance:claimVida.CP01_02_DatosContacto_Claim_Vida_Excel@5ec0a365]" name="tearDown" is-config="true" duration-ms="168" started-at="2017-03-16T17:24:33Z" finished-at="2017-03-16T17:24:33Z">
          <params>
            <param index="0">
              <value>
                <![CDATA[[TestResult name=T02_AgregarOtroDatoConctacto status=FAILURE method=CP01_02_DatosContacto_Claim_Vida_Excel.T02_AgregarOtroDatoConctacto()[pri:0, instance:claimVida.CP01_02_DatosContacto_Claim_Vida_Excel@5ec0a365] output={null}]]]>
              </value>
            </param>
          </params>
          <reporter-output>
          </reporter-output>
        </test-method> <!-- tearDown -->
        <test-method status="FAIL" signature="T03_EditarDatosContacto()[pri:0, instance:claimVida.CP01_02_DatosContacto_Claim_Vida_Excel@5ec0a365]" name="T03_EditarDatosContacto" duration-ms="10546" started-at="2017-03-16T17:24:33Z" finished-at="2017-03-16T17:24:43Z">
          <exception class="org.openqa.selenium.NoSuchElementException">
            <message>
              <![CDATA[no such element: Unable to locate element: {"method":"xpath","selector":"//div[contains(@id,'dojox_grid_EnhancedGrid_0_rowSelector_0')]"}
  (Session info: chrome=56.0.2924.87)
  (Driver info: chromedriver=2.25.426923 (0390b88869384d6eb0d5d09729679f934aab9eed),platform=Windows NT 10.0.14393 x86_64) (WARNING: The server did not provide any stacktrace information)
Command duration or timeout: 10.06 seconds
For documentation on this error, please visit: http://seleniumhq.org/exceptions/no_such_element.html
Build info: version: '3.0.1', revision: '1969d75', time: '2016-10-18 09:48:19 -0700'
System info: host: 'Mervin-PC', ip: '10.212.134.204', os.name: 'Windows 10', os.arch: 'amd64', os.version: '10.0', java.version: '1.8.0_121'
Driver info: org.openqa.selenium.chrome.ChromeDriver
Capabilities [{applicationCacheEnabled=false, rotatable=false, mobileEmulationEnabled=false, networkConnectionEnabled=false, chrome={chromedriverVersion=2.25.426923 (0390b88869384d6eb0d5d09729679f934aab9eed), userDataDir=C:\Users\Yayo\AppData\Local\Temp\scoped_dir11008_26331}, takesHeapSnapshot=true, pageLoadStrategy=normal, databaseEnabled=false, handlesAlerts=true, hasTouchScreen=false, version=56.0.2924.87, platform=XP, browserConnectionEnabled=false, nativeEvents=true, acceptSslCerts=true, locationContextEnabled=true, webStorageEnabled=true, browserName=chrome, takesScreenshot=true, javascriptEnabled=true, cssSelectorsEnabled=true}]
Session ID: 2b8155f479bc1f3b643d5f815a3bf7ae
*** Element info: {Using=xpath, value=//div[contains(@id,'dojox_grid_EnhancedGrid_0_rowSelector_0')]}]]>
            </message>
            <full-stacktrace>
              <![CDATA[org.openqa.selenium.NoSuchElementException: no such element: Unable to locate element: {"method":"xpath","selector":"//div[contains(@id,'dojox_grid_EnhancedGrid_0_rowSelector_0')]"}
  (Session info: chrome=56.0.2924.87)
  (Driver info: chromedriver=2.25.426923 (0390b88869384d6eb0d5d09729679f934aab9eed),platform=Windows NT 10.0.14393 x86_64) (WARNING: The server did not provide any stacktrace information)
Command duration or timeout: 10.06 seconds
For documentation on this error, please visit: http://seleniumhq.org/exceptions/no_such_element.html
Build info: version: '3.0.1', revision: '1969d75', time: '2016-10-18 09:48:19 -0700'
System info: host: 'Mervin-PC', ip: '10.212.134.204', os.name: 'Windows 10', os.arch: 'amd64', os.version: '10.0', java.version: '1.8.0_121'
Driver info: org.openqa.selenium.chrome.ChromeDriver
Capabilities [{applicationCacheEnabled=false, rotatable=false, mobileEmulationEnabled=false, networkConnectionEnabled=false, chrome={chromedriverVersion=2.25.426923 (0390b88869384d6eb0d5d09729679f934aab9eed), userDataDir=C:\Users\Yayo\AppData\Local\Temp\scoped_dir11008_26331}, takesHeapSnapshot=true, pageLoadStrategy=normal, databaseEnabled=false, handlesAlerts=true, hasTouchScreen=false, version=56.0.2924.87, platform=XP, browserConnectionEnabled=false, nativeEvents=true, acceptSslCerts=true, locationContextEnabled=true, webStorageEnabled=true, browserName=chrome, takesScreenshot=true, javascriptEnabled=true, cssSelectorsEnabled=true}]
Session ID: 2b8155f479bc1f3b643d5f815a3bf7ae
*** Element info: {Using=xpath, value=//div[contains(@id,'dojox_grid_EnhancedGrid_0_rowSelector_0')]}
	at sun.reflect.NativeConstructorAccessorImpl.newInstance0(Native Method)
	at sun.reflect.NativeConstructorAccessorImpl.newInstance(Unknown Source)
	at sun.reflect.DelegatingConstructorAccessorImpl.newInstance(Unknown Source)
	at java.lang.reflect.Constructor.newInstance(Unknown Source)
	at org.openqa.selenium.remote.ErrorHandler.createThrowable(ErrorHandler.java:216)
	at org.openqa.selenium.remote.ErrorHandler.throwIfResponseFailed(ErrorHandler.java:168)
	at org.openqa.selenium.remote.RemoteWebDriver.execute(RemoteWebDriver.java:635)
	at org.openqa.selenium.remote.RemoteWebDriver.findElement(RemoteWebDriver.java:368)
	at org.openqa.selenium.remote.RemoteWebDriver.findElementByXPath(RemoteWebDriver.java:473)
	at org.openqa.selenium.By$ByXPath.findElement(By.java:361)
	at org.openqa.selenium.remote.RemoteWebDriver.findElement(RemoteWebDriver.java:360)
	at claimVida.CP01_02_DatosContacto_Claim_Vida_Excel.T03_EditarDatosContacto(CP01_02_DatosContacto_Claim_Vida_Excel.java:288)
	at sun.reflect.NativeMethodAccessorImpl.invoke0(Native Method)
	at sun.reflect.NativeMethodAccessorImpl.invoke(Unknown Source)
	at sun.reflect.DelegatingMethodAccessorImpl.invoke(Unknown Source)
	at java.lang.reflect.Method.invoke(Unknown Source)
	at org.testng.internal.MethodInvocationHelper.invokeMethod(MethodInvocationHelper.java:100)
	at org.testng.internal.Invoker.invokeMethod(Invoker.java:646)
	at org.testng.internal.Invoker.invokeTestMethod(Invoker.java:811)
	at org.testng.internal.Invoker.invokeTestMethods(Invoker.java:1129)
	at org.testng.internal.TestMethodWorker.invokeTestMethods(TestMethodWorker.java:129)
	at org.testng.internal.TestMethodWorker.run(TestMethodWorker.java:112)
	at org.testng.TestRunner.privateRun(TestRunner.java:746)
	at org.testng.TestRunner.run(TestRunner.java:600)
	at org.testng.SuiteRunner.runTest(SuiteRunner.java:366)
	at org.testng.SuiteRunner.runSequentially(SuiteRunner.java:361)
	at org.testng.SuiteRunner.privateRun(SuiteRunner.java:319)
	at org.testng.SuiteRunner.run(SuiteRunner.java:268)
	at org.testng.SuiteRunnerWorker.runSuite(SuiteRunnerWorker.java:52)
	at org.testng.SuiteRunnerWorker.run(SuiteRunnerWorker.java:86)
	at org.testng.TestNG.runSuitesSequentially(TestNG.java:1264)
	at org.testng.TestNG.runSuitesLocally(TestNG.java:1189)
	at org.testng.TestNG.runSuites(TestNG.java:1104)
	at org.testng.TestNG.run(TestNG.java:1076)
	at org.testng.remote.AbstractRemoteTestNG.run(AbstractRemoteTestNG.java:132)
	at org.testng.remote.RemoteTestNG.initAndRun(RemoteTestNG.java:236)
	at org.testng.remote.RemoteTestNG.main(RemoteTestNG.java:81)
]]>
            </full-stacktrace>
          </exception> <!-- org.openqa.selenium.NoSuchElementException -->
          <reporter-output>
          </reporter-output>
        </test-method> <!-- T03_EditarDatosContacto -->
        <test-method status="PASS" signature="tearDown(org.testng.ITestResult)[pri:0, instance:claimVida.CP01_02_DatosContacto_Claim_Vida_Excel@5ec0a365]" name="tearDown" is-config="true" duration-ms="183" started-at="2017-03-16T17:24:43Z" finished-at="2017-03-16T17:24:44Z">
          <params>
            <param index="0">
              <value>
                <![CDATA[[TestResult name=T03_EditarDatosContacto status=FAILURE method=CP01_02_DatosContacto_Claim_Vida_Excel.T03_EditarDatosContacto()[pri:0, instance:claimVida.CP01_02_DatosContacto_Claim_Vida_Excel@5ec0a365] output={null}]]]>
              </value>
            </param>
          </params>
          <reporter-output>
          </reporter-output>
        </test-method> <!-- tearDown -->
        <test-method status="FAIL" signature="T04_EliminarDatosContacto()[pri:0, instance:claimVida.CP01_02_DatosContacto_Claim_Vida_Excel@5ec0a365]" name="T04_EliminarDatosContacto" duration-ms="10449" started-at="2017-03-16T17:24:44Z" finished-at="2017-03-16T17:24:54Z">
          <exception class="org.openqa.selenium.NoSuchElementException">
            <message>
              <![CDATA[no such element: Unable to locate element: {"method":"xpath","selector":"//div[contains(@id,'dojox_grid_EnhancedGrid_0_rowSelector_0')]"}
  (Session info: chrome=56.0.2924.87)
  (Driver info: chromedriver=2.25.426923 (0390b88869384d6eb0d5d09729679f934aab9eed),platform=Windows NT 10.0.14393 x86_64) (WARNING: The server did not provide any stacktrace information)
Command duration or timeout: 10.06 seconds
For documentation on this error, please visit: http://seleniumhq.org/exceptions/no_such_element.html
Build info: version: '3.0.1', revision: '1969d75', time: '2016-10-18 09:48:19 -0700'
System info: host: 'Mervin-PC', ip: '10.212.134.204', os.name: 'Windows 10', os.arch: 'amd64', os.version: '10.0', java.version: '1.8.0_121'
Driver info: org.openqa.selenium.chrome.ChromeDriver
Capabilities [{applicationCacheEnabled=false, rotatable=false, mobileEmulationEnabled=false, networkConnectionEnabled=false, chrome={chromedriverVersion=2.25.426923 (0390b88869384d6eb0d5d09729679f934aab9eed), userDataDir=C:\Users\Yayo\AppData\Local\Temp\scoped_dir11008_26331}, takesHeapSnapshot=true, pageLoadStrategy=normal, databaseEnabled=false, handlesAlerts=true, hasTouchScreen=false, version=56.0.2924.87, platform=XP, browserConnectionEnabled=false, nativeEvents=true, acceptSslCerts=true, locationContextEnabled=true, webStorageEnabled=true, browserName=chrome, takesScreenshot=true, javascriptEnabled=true, cssSelectorsEnabled=true}]
Session ID: 2b8155f479bc1f3b643d5f815a3bf7ae
*** Element info: {Using=xpath, value=//div[contains(@id,'dojox_grid_EnhancedGrid_0_rowSelector_0')]}]]>
            </message>
            <full-stacktrace>
              <![CDATA[org.openqa.selenium.NoSuchElementException: no such element: Unable to locate element: {"method":"xpath","selector":"//div[contains(@id,'dojox_grid_EnhancedGrid_0_rowSelector_0')]"}
  (Session info: chrome=56.0.2924.87)
  (Driver info: chromedriver=2.25.426923 (0390b88869384d6eb0d5d09729679f934aab9eed),platform=Windows NT 10.0.14393 x86_64) (WARNING: The server did not provide any stacktrace information)
Command duration or timeout: 10.06 seconds
For documentation on this error, please visit: http://seleniumhq.org/exceptions/no_such_element.html
Build info: version: '3.0.1', revision: '1969d75', time: '2016-10-18 09:48:19 -0700'
System info: host: 'Mervin-PC', ip: '10.212.134.204', os.name: 'Windows 10', os.arch: 'amd64', os.version: '10.0', java.version: '1.8.0_121'
Driver info: org.openqa.selenium.chrome.ChromeDriver
Capabilities [{applicationCacheEnabled=false, rotatable=false, mobileEmulationEnabled=false, networkConnectionEnabled=false, chrome={chromedriverVersion=2.25.426923 (0390b88869384d6eb0d5d09729679f934aab9eed), userDataDir=C:\Users\Yayo\AppData\Local\Temp\scoped_dir11008_26331}, takesHeapSnapshot=true, pageLoadStrategy=normal, databaseEnabled=false, handlesAlerts=true, hasTouchScreen=false, version=56.0.2924.87, platform=XP, browserConnectionEnabled=false, nativeEvents=true, acceptSslCerts=true, locationContextEnabled=true, webStorageEnabled=true, browserName=chrome, takesScreenshot=true, javascriptEnabled=true, cssSelectorsEnabled=true}]
Session ID: 2b8155f479bc1f3b643d5f815a3bf7ae
*** Element info: {Using=xpath, value=//div[contains(@id,'dojox_grid_EnhancedGrid_0_rowSelector_0')]}
	at sun.reflect.NativeConstructorAccessorImpl.newInstance0(Native Method)
	at sun.reflect.NativeConstructorAccessorImpl.newInstance(Unknown Source)
	at sun.reflect.DelegatingConstructorAccessorImpl.newInstance(Unknown Source)
	at java.lang.reflect.Constructor.newInstance(Unknown Source)
	at org.openqa.selenium.remote.ErrorHandler.createThrowable(ErrorHandler.java:216)
	at org.openqa.selenium.remote.ErrorHandler.throwIfResponseFailed(ErrorHandler.java:168)
	at org.openqa.selenium.remote.RemoteWebDriver.execute(RemoteWebDriver.java:635)
	at org.openqa.selenium.remote.RemoteWebDriver.findElement(RemoteWebDriver.java:368)
	at org.openqa.selenium.remote.RemoteWebDriver.findElementByXPath(RemoteWebDriver.java:473)
	at org.openqa.selenium.By$ByXPath.findElement(By.java:361)
	at org.openqa.selenium.remote.RemoteWebDriver.findElement(RemoteWebDriver.java:360)
	at claimVida.CP01_02_DatosContacto_Claim_Vida_Excel.T04_EliminarDatosContacto(CP01_02_DatosContacto_Claim_Vida_Excel.java:331)
	at sun.reflect.NativeMethodAccessorImpl.invoke0(Native Method)
	at sun.reflect.NativeMethodAccessorImpl.invoke(Unknown Source)
	at sun.reflect.DelegatingMethodAccessorImpl.invoke(Unknown Source)
	at java.lang.reflect.Method.invoke(Unknown Source)
	at org.testng.internal.MethodInvocationHelper.invokeMethod(MethodInvocationHelper.java:100)
	at org.testng.internal.Invoker.invokeMethod(Invoker.java:646)
	at org.testng.internal.Invoker.invokeTestMethod(Invoker.java:811)
	at org.testng.internal.Invoker.invokeTestMethods(Invoker.java:1129)
	at org.testng.internal.TestMethodWorker.invokeTestMethods(TestMethodWorker.java:129)
	at org.testng.internal.TestMethodWorker.run(TestMethodWorker.java:112)
	at org.testng.TestRunner.privateRun(TestRunner.java:746)
	at org.testng.TestRunner.run(TestRunner.java:600)
	at org.testng.SuiteRunner.runTest(SuiteRunner.java:366)
	at org.testng.SuiteRunner.runSequentially(SuiteRunner.java:361)
	at org.testng.SuiteRunner.privateRun(SuiteRunner.java:319)
	at org.testng.SuiteRunner.run(SuiteRunner.java:268)
	at org.testng.SuiteRunnerWorker.runSuite(SuiteRunnerWorker.java:52)
	at org.testng.SuiteRunnerWorker.run(SuiteRunnerWorker.java:86)
	at org.testng.TestNG.runSuitesSequentially(TestNG.java:1264)
	at org.testng.TestNG.runSuitesLocally(TestNG.java:1189)
	at org.testng.TestNG.runSuites(TestNG.java:1104)
	at org.testng.TestNG.run(TestNG.java:1076)
	at org.testng.remote.AbstractRemoteTestNG.run(AbstractRemoteTestNG.java:132)
	at org.testng.remote.RemoteTestNG.initAndRun(RemoteTestNG.java:236)
	at org.testng.remote.RemoteTestNG.main(RemoteTestNG.java:81)
]]>
            </full-stacktrace>
          </exception> <!-- org.openqa.selenium.NoSuchElementException -->
          <reporter-output>
          </reporter-output>
        </test-method> <!-- T04_EliminarDatosContacto -->
        <test-method status="PASS" signature="tearDown(org.testng.ITestResult)[pri:0, instance:claimVida.CP01_02_DatosContacto_Claim_Vida_Excel@5ec0a365]" name="tearDown" is-config="true" duration-ms="159" started-at="2017-03-16T17:24:54Z" finished-at="2017-03-16T17:24:54Z">
          <params>
            <param index="0">
              <value>
                <![CDATA[[TestResult name=T04_EliminarDatosContacto status=FAILURE method=CP01_02_DatosContacto_Claim_Vida_Excel.T04_EliminarDatosContacto()[pri:0, instance:claimVida.CP01_02_DatosContacto_Claim_Vida_Excel@5ec0a365] output={null}]]]>
              </value>
            </param>
          </params>
          <reporter-output>
          </reporter-output>
        </test-method> <!-- tearDown -->
        <test-method status="PASS" signature="T05_ZAvanzarAdmitirExpediente()[pri:0, instance:claimVida.CP01_02_DatosContacto_Claim_Vida_Excel@5ec0a365]" name="T05_ZAvanzarAdmitirExpediente" duration-ms="15212" started-at="2017-03-16T17:24:54Z" finished-at="2017-03-16T17:25:09Z">
          <reporter-output>
          </reporter-output>
        </test-method> <!-- T05_ZAvanzarAdmitirExpediente -->
        <test-method status="PASS" signature="tearDown(org.testng.ITestResult)[pri:0, instance:claimVida.CP01_02_DatosContacto_Claim_Vida_Excel@5ec0a365]" name="tearDown" is-config="true" duration-ms="133" started-at="2017-03-16T17:25:09Z" finished-at="2017-03-16T17:25:09Z">
          <params>
            <param index="0">
              <value>
                <![CDATA[[TestResult name=T05_ZAvanzarAdmitirExpediente status=SUCCESS method=CP01_02_DatosContacto_Claim_Vida_Excel.T05_ZAvanzarAdmitirExpediente()[pri:0, instance:claimVida.CP01_02_DatosContacto_Claim_Vida_Excel@5ec0a365] output={null}]]]>
              </value>
            </param>
          </params>
          <reporter-output>
          </reporter-output>
        </test-method> <!-- tearDown -->
        <test-method status="PASS" signature="tearDown()[pri:0, instance:claimVida.CP01_02_DatosContacto_Claim_Vida_Excel@5ec0a365]" name="tearDown" is-config="true" duration-ms="1200" started-at="2017-03-16T17:25:09Z" finished-at="2017-03-16T17:25:11Z">
          <reporter-output>
          </reporter-output>
        </test-method> <!-- tearDown -->
      </class> <!-- claimVida.CP01_02_DatosContacto_Claim_Vida_Excel -->
    </test> <!-- Default test -->
  </suite> <!-- Default suite -->
</testng-results>
